<?xml version="1.0" encoding="UTF-8"?>
<testsuite xmlns:xsi="http://www.w3.org/2001/XMLSchema-instance" xsi:noNamespaceSchemaLocation="https://maven.apache.org/surefire/maven-surefire-plugin/xsd/surefire-test-report-3.0.xsd" version="3.0" name="fr.univ.uppa.reservation.ReservationServiceTest" time="0.116" tests="7" errors="0" skipped="0" failures="0">
  <properties>
[...]
</properties>
  <testcase name="test_save_load_conserve_reservations" classname="fr.univ.uppa.reservation.ReservationServiceTest" time="0.066"/>
  <testcase name="test_create_overlap_conflict" classname="fr.univ.uppa.reservation.ReservationServiceTest" time="0.001"/>
  <testcase name="test_create_boundary_not_conflict" classname="fr.univ.uppa.reservation.ReservationServiceTest" time="0.002"/>
  <testcase name="test_create_ok" classname="fr.univ.uppa.reservation.ReservationServiceTest" time="0.002"/>
  <testcase name="test_findByUser_returns_correct_result" classname="fr.univ.uppa.reservation.ReservationServiceTest" time="0.002"/>
  <testcase name="test_cancel_frees_slot" classname="fr.univ.uppa.reservation.ReservationServiceTest" time="0.002"/>
  <testcase name="test_cancelled_remains_cancelled_after_load" classname="fr.univ.uppa.reservation.ReservationServiceTest" time="0.003"/>
</testsuite>